[www.okaybears.com/index.html]
[backblue.gif]
[fade.gif]
[index.html]
[assets-global.website-files.com/622eead55797fc2865c24818/css/okay-bears-1e9c94.7f14f5704.css]
[ajax.googleapis.com/ajax/libs/webfont/1.6.26/webfont.js]
[assets-global.website-files.com/622eead55797fc2865c24818/622f418aeea7ffa63876cf41_Favicon.jpg]
[assets-global.website-files.com/622eead55797fc2865c24818/622f418c951a8e4c6958e594_Webclip.jpg]
[assets-global.website-files.com/621f2ae39342fe5b34cc196f/622063039e289f27bc601f67_OKB-Logo.png]
[www.okaybears.com/bears.html]
[www.okaybears.com/park.html]
[www.okaybears.com/manifesto.html]
[www.okaybears.com/blueprint.html]
[assets-global.website-files.com/622eead55797fc2865c24818/6258a7e3bd5b2a37b628998c_menu_illustration.png]
[assets-global.website-files.com/622eead55797fc2865c24818/62d6212f5f63b7c3b4b5eee5_Hibernate.png]
[assets-global.website-files.com/621f2ae39342fe5b34cc196f/622716b31bbbe0c131a87e44_Mobile-OKB.png]
[assets-global.website-files.com/621f2ae39342fe5b34cc196f/6229a9b8f02d26602ae2ac99_Green O.png]
[assets-global.website-files.com/621f2ae39342fe5b34cc196f/6229a9d35ca27b36b2ad27d5_Blue-K.png]
[assets-global.website-files.com/621f2ae39342fe5b34cc196f/6229a9f818f7b9952912c89e_Purple-A.png]
[assets-global.website-files.com/621f2ae39342fe5b34cc196f/6229aa571d28bf0b7a90af8f_Yellow_Y.png]
[assets-global.website-files.com/622eead55797fc2865c24818/62d811b317f57f2b17a752d3_OKMobile-min.png]
[assets-global.website-files.com/622eead55797fc2865c24818/62d8101a7de01c3a29c65702_Hibernate-OKB-min.png]
[assets-global.website-files.com/622eead55797fc2865c24818/62d80bb5847a784689c14fa1_Okay-O-min.png]
[assets-global.website-files.com/622eead55797fc2865c24818/62d80bc893a2ee0b0cd2f256_Okay-K-min.png]
[assets-global.website-files.com/622eead55797fc2865c24818/62d80bd58fc96f828c8b92e0_Okay-A-min.png]
[assets-global.website-files.com/622eead55797fc2865c24818/62d80be44444517070f48685_Okay-Y-min.png]
[d3e54v103j8qbb.cloudfront.net/js/jquery-3.5.1.min.dc5e7f18c88aee.js]
[www.okaybears.com/index.html]
[assets-global.website-files.com/622eead55797fc2865c24818/62427e682db2f84e7f0511c1_Bear Hand Colored 1.png]
[assets-global.website-files.com/622eead55797fc2865c24818/js/okay-bears-1e9c94.76bc29016.js]
[assets-global.website-files.com/622eead55797fc2865c24818/624e2b66bf0c7845ae838625_404.png]
[assets-global.website-files.com/622eead55797fc2865c24818/6259450c4b264a1e0ef9d5e4_park.png]
[assets-global.website-files.com/622eead55797fc2865c24818/6259446ffccbda987432afa4_market.png]
[assets-global.website-files.com/622eead55797fc2865c24818/625944fca001f63fd6882001_platform_.png]
[assets-global.website-files.com/622eead55797fc2865c24818/62538dfeb9dc8c0af0a70013_boutique.png]
[assets-global.website-files.com/622eead55797fc2865c24818/62594499bddc4055e52adfca_workshop.png]
[assets-global.website-files.com/622eead55797fc2865c24818/625944cfa5d8ce68af6db697_studio.png]
[assets-global.website-files.com/622eead55797fc2865c24818/625944eed4f8410c0078af72_gallery.png]
[assets-global.website-files.com/622eead55797fc2865c24818/625944dc1dcf0409f9c9134c_boutique.png]
[assets-global.website-files.com/622eead55797fc2865c24818/62538dfeb9dc8c7b8ca70009_gallery.png]
[assets-global.website-files.com/622eead55797fc2865c24818/62538dfeb9dc8cb1f3a7000e_studio.png]
[assets-global.website-files.com/622eead55797fc2865c24818/62538dfeb9dc8cbc49a70004_workshop.png]
[assets-global.website-files.com/622eead55797fc2865c24818/62538dfeb9dc8c281aa70022_ThePark.png]
[assets-global.website-files.com/622eead55797fc2865c24818/625957b7e89d1d25ed050463_workshop-Modal.png]
[assets-global.website-files.com/622eead55797fc2865c24818/625957316732edd382364608_market-Modal.png]
[assets-global.website-files.com/622eead55797fc2865c24818/625957b7c1f87b209f9725f6_gallery-Modal.png]
[assets-global.website-files.com/622eead55797fc2865c24818/625957b7b8f7d1224a410627_studio-Modal.png]
[assets-global.website-files.com/622eead55797fc2865c24818/625957b7fccbdaefc8331e8e_boutique-Modal.png]
[assets-global.website-files.com/622eead55797fc2865c24818/625957b76525a6598e7e0f86_platform.png]
[assets-global.website-files.com/622eead55797fc2865c24818/625968ef154e9284858300ca_park-Modal.png]
[assets-global.website-files.com/622eead55797fc2865c24818/62538dfeb9dc8cdd33a70018_market.png]
[assets-global.website-files.com/622eead55797fc2865c24818/62538dfeb9dc8ca9c3a7001d_platform_.png]
[assets-global.website-files.com/622eead55797fc2865c24818/62580c1c0cc0c6655a67a5fd_CoffeeBear.png]
[assets-global.website-files.com/622eead55797fc2865c24818/62586c30da6a6d855f5c7417_ThePark.png]
[assets-global.website-files.com/622eead55797fc2865c24818/6258fce76940831389ef2567_Asset 4 1.png]
[assets-global.website-files.com/622eead55797fc2865c24818/6261c7c2d4a7fe238b988254_Group 79.png]
[assets-global.website-files.com/622eead55797fc2865c24818/6261c7c364c8f1da3c0ae27a_Group 80.png]
[assets-global.website-files.com/622eead55797fc2865c24818/6261c7c37e2a392526b77fa1_Group 81.png]
[assets-global.website-files.com/622eead55797fc2865c24818/6261c7c4ab70352a7d7ce7b7_Group 82.png]
[assets-global.website-files.com/622eead55797fc2865c24818/624c3b84141165a5d9195f8b_Transparent-OKB.png]
[assets-global.website-files.com/622eead55797fc2865c24818/62bd1f2a5d84309016599866_BG.png]
[assets-global.website-files.com/622eead55797fc2865c24818/62d8d0a15e0517f7460f25e9_Coffee Bear.png]
[assets-global.website-files.com/622eead55797fc2865c24818/css/okay-bears-1e9c94.7f14f5704.css]
[www.okaybears.com/bears.html]
[assets-global.website-files.com/622eead55797fc2865c24818/625977b7f8b7cd27f6cbb145_ThePark-Night.png]
[assets-global.website-files.com/622eead55797fc2865c24818/62595ff190a5ef78b7d8ddf6_The Park-min.png]
[assets-global.website-files.com/623ab58321ca25f489fca9e6/6258071f0c7318cec2318807_KaisBear2.png]
[assets-global.website-files.com/623ab58321ca25f489fca9e6/62582cf1e7a749a15407b354_KaisBear (1).png]
[assets-global.website-files.com/623ab58321ca25f489fca9e6/625806c2108239850f495db6_JamaalBear2.png]
[assets-global.website-files.com/623ab58321ca25f489fca9e6/6255f528adb3ae4f5dabebe4_JamaalBear.png]
[assets-global.website-files.com/623ab58321ca25f489fca9e6/6258067b0c7318675731810c_MandyBear-2.png]
[assets-global.website-files.com/623ab58321ca25f489fca9e6/62580711e384e6f9a0c7d5d2_MandyBear (1).png]
[assets-global.website-files.com/623ab58321ca25f489fca9e6/6258066fdedfbd482e602b2d_MoonyBear-2.png]
[assets-global.website-files.com/623ab58321ca25f489fca9e6/6255f56056b72bc76c759f99_MoonyBear.png]
[assets-global.website-files.com/623ab58321ca25f489fca9e6/6258074425e03d5123240247_RamaBear-2 (1).png]
[assets-global.website-files.com/623ab58321ca25f489fca9e6/6255f580c714390c7b066bee_Rama Bear.png]
[assets-global.website-files.com/623ab58321ca25f489fca9e6/6258063fdb15dd1ba5e77fdf_TeeBear-2.png]
[assets-global.website-files.com/623ab58321ca25f489fca9e6/6255f59badb3ae3c5dabf1e4_TeeBear.png]
[assets-global.website-files.com/623ab58321ca25f489fca9e6/62684d8e07b07a9f4c6edab4_DevidBear-2.png]
[assets-global.website-files.com/623ab58321ca25f489fca9e6/62684d874a48ebab4a754ad7_DevidBear.png]
[assets-global.website-files.com/623ab58321ca25f489fca9e6/62c3d33fecf051e6d7f148c7_Elsa-Bear.png]
[assets-global.website-files.com/623ab58321ca25f489fca9e6/62c3d02e297e0c7abe1452f0_Dada-Bear02.png.png]
[assets-global.website-files.com/623ab58321ca25f489fca9e6/62c3d02c59bbee9af13c3220_Dada-Bear.png]
[assets-global.website-files.com/623ab58321ca25f489fca9e6/62c3d0b47bd119a56d589bc1_HayaBear-min.png]
[assets-global.website-files.com/623ab58321ca25f489fca9e6/62c3d13579323a0e9d504f66_SasaBear.png]
[assets-global.website-files.com/623ab58321ca25f489fca9e6/62c3d109d4b7d07ac5630080_ImadBear.png]
[assets-global.website-files.com/623ab58321ca25f489fca9e6/6258deb290a5ef5235d5bdfd_RioBear-2.png]
[assets-global.website-files.com/623ab58321ca25f489fca9e6/6258dea9365db23c88521fd0_RioBear.png]
[assets-global.website-files.com/623ab58321ca25f489fca9e6/62d638ab23c6fdcf53d2bdf6_TanazBear (1).png]
[assets-global.website-files.com/623ab58321ca25f489fca9e6/625802266f8ce71ca1ed84ca_ShoevanBear-2.png]
[assets-global.website-files.com/623ab58321ca25f489fca9e6/6256be35e4a10c37b555cafc_ShoevanBear .png]
[assets-global.website-files.com/623ab58321ca25f489fca9e6/6258027c401933b748fead5e_GGBear-2.png]
[assets-global.website-files.com/623ab58321ca25f489fca9e6/6255f519e8309d537f49edef_GG Bear.png]
[assets-global.website-files.com/622eead55797fc2865c24818/62595e4c7e839e5846e0f30a_Bubble Gum 1.png]
[assets-global.website-files.com/622eead55797fc2865c24818/62595f106e280c11aa6daedf_Cassette.png]
[assets-global.website-files.com/622eead55797fc2865c24818/62595ef46940831464f1cce2_Yoyo.png]
[assets-global.website-files.com/622eead55797fc2865c24818/62595f23694083641df1cd29_Earphones 1.png]
[www.okaybears.com/park.html]
[www.okaybears.com/manifesto.html]
[assets-global.website-files.com/622eead55797fc2865c24818/625a32aef4d93fae0c4cba3c_blue-menu-bear 1.png]
[assets-global.website-files.com/622eead55797fc2865c24818/625481ed09fa1358c2c0308b_Union.png]
[assets-global.website-files.com/622eead55797fc2865c24818/6254895885745550d1693001_InProgress.png]
[assets-global.website-files.com/622eead55797fc2865c24818/6254897aeb096e3518dffbb7_Considering.png]
[assets-global.website-files.com/622eead55797fc2865c24818/6254876128e151366b981c74_Complete.png]
[www.okaybears.com/blueprint.html]
